2021-11-14 17:11:53,630 - INFO - Player: Rock
2021-11-14 17:11:53,630 - INFO - AI: Scissors
2021-11-14 17:11:54,764 - INFO - Player: Paper
2021-11-14 17:11:54,764 - INFO - AI: Rock
2021-11-14 17:11:55,383 - INFO - Player: Scissors
2021-11-14 17:11:55,383 - INFO - AI: Scissors
2021-11-14 17:11:56,372 - INFO - Player: Paper
2021-11-14 17:11:56,372 - INFO - AI: Paper
2021-11-14 17:11:57,095 - INFO - Player: Scissors
2021-11-14 17:11:57,096 - INFO - AI: Paper
2021-11-14 17:12:50,717 - INFO - Player: Rock
2021-11-14 17:12:50,718 - INFO - AI: Paper
2021-11-14 17:12:51,182 - INFO - Player: Rock
2021-11-14 17:12:51,182 - INFO - AI: Scissors
2021-11-14 17:12:51,669 - INFO - Player: Rock
2021-11-14 17:12:51,669 - INFO - AI: Rock
2021-11-14 17:12:52,126 - INFO - Player: Rock
2021-11-14 17:12:52,126 - INFO - AI: Rock
2021-11-14 17:12:52,645 - INFO - Player: Rock
2021-11-14 17:12:52,645 - INFO - AI: Rock
2021-11-14 17:12:53,606 - INFO - Player: Rock
2021-11-14 17:12:53,606 - INFO - AI: Paper
2021-11-14 17:12:54,253 - INFO - Player: Rock
2021-11-14 17:12:54,253 - INFO - AI: Paper
2021-11-14 17:12:54,995 - INFO - Player: Rock
2021-11-14 17:12:54,995 - INFO - AI: Paper
2021-11-14 17:12:55,715 - INFO - Player: Rock
2021-11-14 17:12:55,715 - INFO - AI: Rock
2021-11-14 17:12:56,811 - INFO - Player: Scissors
2021-11-14 17:12:56,811 - INFO - AI: Paper
2021-11-14 17:12:57,780 - INFO - Player: Scissors
2021-11-14 17:12:57,780 - INFO - AI: Rock
2021-11-14 17:12:58,652 - INFO - Player: Rock
2021-11-14 17:12:58,652 - INFO - AI: Paper
2021-11-14 17:12:59,283 - INFO - Player: Scissors
2021-11-14 17:12:59,283 - INFO - AI: Scissors
2021-11-14 17:12:59,980 - INFO - Player: Rock
2021-11-14 17:12:59,980 - INFO - AI: Scissors
2021-11-14 17:13:24,427 - INFO - Player: Rock
2021-11-14 17:13:24,428 - INFO - AI: Scissors
2021-11-14 17:13:25,172 - INFO - Player: Rock
2021-11-14 17:13:25,172 - INFO - AI: Scissors
2021-11-14 17:13:25,756 - INFO - Player: Rock
2021-11-14 17:13:25,756 - INFO - AI: Paper
2021-11-14 17:13:27,261 - INFO - Player: Paper
2021-11-14 17:13:27,261 - INFO - AI: Rock
2021-11-14 17:13:55,372 - INFO - Player: Spock
2021-11-14 17:13:55,372 - INFO - AI: Lizard
2021-11-14 17:13:56,683 - INFO - Player: Spock
2021-11-14 17:13:56,683 - INFO - AI: Lizard
2021-11-14 17:13:57,267 - INFO - Player: Spock
2021-11-14 17:13:57,268 - INFO - AI: Lizard
2021-11-14 17:13:57,862 - INFO - Player: Spock
2021-11-14 17:13:57,862 - INFO - AI: Scissors
2021-11-14 17:14:00,060 - INFO - Player: Spock
2021-11-14 17:14:00,060 - INFO - AI: Paper
2021-11-14 17:14:01,268 - INFO - Player: Spock
2021-11-14 17:14:01,268 - INFO - AI: Spock
2021-11-14 17:14:02,349 - INFO - Player: Spock
2021-11-14 17:14:02,349 - INFO - AI: Scissors
2021-11-14 17:14:03,309 - INFO - Player: Spock
2021-11-14 17:14:03,309 - INFO - AI: Lizard
2021-11-14 17:14:05,725 - INFO - Player: Lizard
2021-11-14 17:14:05,725 - INFO - AI: Rock
2021-11-14 17:14:09,228 - INFO - Player: Scissors
2021-11-14 17:14:09,228 - INFO - AI: Lizard
2021-11-14 17:14:10,476 - INFO - Player: Lizard
2021-11-14 17:14:10,476 - INFO - AI: Spock
2021-11-14 17:14:10,971 - INFO - Player: Paper
2021-11-14 17:14:10,971 - INFO - AI: Paper
2021-11-14 17:14:12,964 - INFO - Player: Rock
2021-11-14 17:14:12,964 - INFO - AI: Scissors
2021-11-14 17:14:13,740 - INFO - Player: Spock
2021-11-14 17:14:13,740 - INFO - AI: Paper
2021-11-14 18:35:35,822 - INFO - Player: Rock, AI: Paper
2021-11-14 18:35:36,470 - INFO - Player: Paper, AI: Rock
2021-11-14 18:35:37,102 - INFO - Player: Paper, AI: Scissors
2021-11-14 18:35:37,718 - INFO - Player: Paper, AI: Lizard
2021-11-14 18:35:38,485 - INFO - Player: Scissors, AI: Lizard
2021-11-14 18:35:41,837 - INFO - Player: Lizard, AI: Rock
2021-11-14 18:35:42,494 - INFO - Player: Spock, AI: Spock
2021-11-14 18:36:21,500 - INFO - Player: Rock, AI: Lizard
2021-11-14 18:36:21,862 - INFO - Player: Paper, AI: Rock
2021-11-14 18:36:22,349 - INFO - Player: Paper, AI: Lizard
2021-11-14 18:37:41,702 - INFO - Player: Rock, AI: Scissors
2021-11-14 18:37:42,150 - INFO - Player: Paper, AI: Spock
2021-11-14 18:37:42,581 - INFO - Player: Paper, AI: Spock
2021-11-14 18:56:43,118 - INFO - Player: Rock, AI: Scissors
2021-11-14 18:56:45,095 - INFO - Player: Paper, AI: Scissors
2021-11-14 18:56:45,733 - INFO - Player: Scissors, AI: Scissors
2021-11-14 18:56:48,324 - INFO - Player: Rock, AI: Rock
2021-11-14 18:56:48,692 - INFO - Player: Paper, AI: Rock
2021-11-14 18:56:49,181 - INFO - Player: Paper, AI: Lizard
2021-11-14 18:56:50,078 - INFO - Player: Spock, AI: Lizard
2021-11-14 18:56:51,382 - INFO - Player: Paper, AI: Rock
2021-11-14 18:57:49,022 - INFO - Player: Scissors, AI: Lizard
2021-11-14 18:57:49,380 - INFO - Player: Paper, AI: Scissors
2021-11-14 18:57:50,190 - INFO - Player: Rock, AI: Spock
2021-11-14 18:57:50,734 - INFO - Player: Paper, AI: Spock
2021-11-14 18:58:38,733 - INFO - Player: Paper, AI: Rock
2021-11-14 18:58:39,373 - INFO - Player: Spock, AI: Scissors
2021-11-14 18:58:40,028 - INFO - Player: Paper, AI: Spock
2021-11-14 18:58:40,581 - INFO - Player: Scissors, AI: Rock
2021-11-14 18:58:41,708 - INFO - Player: Lizard, AI: Rock
2021-11-14 19:06:04,157 - INFO - Player: Rock, AI: Paper
2021-11-14 19:06:04,693 - INFO - Player: Paper, AI: Lizard
2021-11-14 19:06:05,503 - INFO - Player: Scissors, AI: Rock
2021-11-14 19:06:06,372 - INFO - Player: Lizard, AI: Lizard
2021-11-14 19:06:07,005 - INFO - Player: Paper, AI: Lizard
2021-11-14 19:06:07,820 - INFO - Player: Spock, AI: Spock
2021-11-14 19:06:09,045 - INFO - Player: Spock, AI: Scissors
2021-11-14 19:06:09,309 - INFO - Player: Spock, AI: Paper
2021-11-14 19:06:09,526 - INFO - Player: Spock, AI: Paper
2021-11-14 19:06:09,717 - INFO - Player: Spock, AI: Spock
2021-11-14 19:06:09,901 - INFO - Player: Spock, AI: Paper
2021-11-14 19:06:10,101 - INFO - Player: Spock, AI: Rock
2021-11-14 19:06:10,286 - INFO - Player: Spock, AI: Lizard
2021-11-14 19:06:10,527 - INFO - Player: Scissors, AI: Rock
2021-11-14 19:06:10,791 - INFO - Player: Scissors, AI: Paper
2021-11-14 19:06:11,134 - INFO - Player: Rock, AI: Spock
2021-11-14 19:06:14,892 - INFO - Player: Rock, AI: Lizard
2021-11-14 19:06:15,238 - INFO - Player: Paper, AI: Rock
2021-11-14 19:08:32,277 - INFO - Player: Rock, AI: Scissors
2021-11-14 19:08:32,983 - INFO - Player: Paper, AI: Rock
2021-11-14 19:26:54,261 - INFO - Player: Rock, AI: Rock
2021-11-14 19:26:54,822 - INFO - Player: Paper, AI: Scissors
2021-11-14 19:26:55,254 - INFO - Player: Paper, AI: Paper
2021-11-14 19:26:56,501 - INFO - Player: Spock, AI: Scissors
2021-11-14 19:27:33,678 - INFO - Player: Rock, AI: Paper
2021-11-14 19:27:34,101 - INFO - Player: Paper, AI: Paper
2021-11-14 19:27:35,429 - INFO - Player: Paper, AI: Spock
2021-11-14 19:27:35,997 - INFO - Player: Paper, AI: Spock
2021-11-14 20:06:25,615 - INFO - Player: Paper, AI: Spock
2021-11-14 20:06:25,974 - INFO - Player: Paper, AI: Scissors
2021-11-14 20:06:26,221 - INFO - Player: Paper, AI: Lizard
2021-11-14 20:06:26,470 - INFO - Player: Paper, AI: Paper
2021-11-14 20:06:26,685 - INFO - Player: Paper, AI: Paper
2021-11-14 20:06:26,933 - INFO - Player: Paper, AI: Scissors
2021-11-14 20:06:27,173 - INFO - Player: Paper, AI: Paper
2021-11-14 20:06:59,031 - INFO - Player: Rock, AI: Scissors
2021-11-14 20:06:59,342 - INFO - Player: Rock, AI: Scissors
2021-11-14 20:06:59,574 - INFO - Player: Rock, AI: Rock
2021-11-14 20:06:59,782 - INFO - Player: Rock, AI: Paper
2021-11-14 20:06:59,975 - INFO - Player: Rock, AI: Lizard
2021-11-14 20:07:00,190 - INFO - Player: Rock, AI: Paper
2021-11-14 20:07:23,806 - INFO - Player: Rock, AI: Paper
2021-11-14 20:07:24,142 - INFO - Player: Paper, AI: Paper
2021-11-14 20:07:24,662 - INFO - Player: Rock, AI: Lizard
2021-11-14 20:07:25,670 - INFO - Player: Paper, AI: Lizard
2021-11-14 20:07:26,325 - INFO - Player: Rock, AI: Paper
2021-11-14 20:07:26,734 - INFO - Player: Paper, AI: Lizard
2021-11-14 20:07:27,005 - INFO - Player: Scissors, AI: Paper
2021-11-14 20:07:27,574 - INFO - Player: Spock, AI: Scissors
2021-11-14 20:07:28,134 - INFO - Player: Lizard, AI: Paper
2021-11-14 20:08:00,686 - INFO - Player: Rock, AI: Spock
2021-11-14 20:08:01,055 - INFO - Player: Paper, AI: Scissors
2021-11-14 20:08:01,678 - INFO - Player: Scissors, AI: Scissors
2021-11-14 20:08:02,405 - INFO - Player: Rock, AI: Scissors
2021-11-14 20:08:02,878 - INFO - Player: Paper, AI: Rock
2021-11-14 20:08:03,623 - INFO - Player: Lizard, AI: Spock
2021-11-14 20:08:04,830 - INFO - Player: Spock, AI: Rock
2021-11-14 20:14:51,086 - INFO - Player: Rock, AI: Lizard
2021-11-14 20:17:23,054 - INFO - Player: Paper, AI: Scissors
2021-11-14 20:17:23,454 - INFO - Player: Scissors, AI: Rock
2021-11-14 20:17:24,101 - INFO - Player: Paper, AI: Paper
2021-11-14 20:17:24,664 - INFO - Player: Spock, AI: Spock
2021-11-14 20:17:25,087 - INFO - Player: Spock, AI: Scissors
2021-11-14 20:17:25,350 - INFO - Player: Spock, AI: Scissors
2021-11-14 20:17:25,575 - INFO - Player: Spock, AI: Lizard
2021-11-14 20:17:25,814 - INFO - Player: Spock, AI: Spock
2021-11-14 20:17:26,015 - INFO - Player: Spock, AI: Lizard
2021-11-14 20:17:26,230 - INFO - Player: Spock, AI: Spock
2021-11-14 20:17:26,430 - INFO - Player: Spock, AI: Rock
2021-11-14 20:17:26,629 - INFO - Player: Spock, AI: Rock
2021-11-14 20:17:39,718 - INFO - Player: Rock, AI: Scissors
2021-11-14 20:17:56,413 - INFO - Player: Paper, AI: Paper
2021-11-14 20:17:56,846 - INFO - Player: Scissors, AI: Lizard
2021-11-14 20:17:57,326 - INFO - Player: Rock, AI: Scissors
2021-11-14 20:17:57,895 - INFO - Player: Paper, AI: Lizard
2021-11-14 20:17:58,262 - INFO - Player: Scissors, AI: Rock
2021-11-14 20:17:58,727 - INFO - Player: Spock, AI: Paper
2021-11-14 20:18:04,958 - INFO - Player: Rock, AI: Lizard
2021-11-14 20:18:12,950 - INFO - Player: Rock, AI: Spock
2021-11-14 20:18:13,429 - INFO - Player: Paper, AI: Lizard
2021-11-14 20:18:46,966 - INFO - Player: Paper, AI: Lizard
2021-11-14 20:18:48,254 - INFO - Player: Rock, AI: Spock
2021-11-14 20:18:48,885 - INFO - Player: Paper, AI: Paper
2021-11-14 20:18:50,423 - INFO - Player: Paper, AI: Scissors
2021-11-14 20:18:50,831 - INFO - Player: Spock, AI: Rock
2021-11-14 20:18:51,109 - INFO - Player: Spock, AI: Spock
2021-11-14 20:18:51,374 - INFO - Player: Spock, AI: Paper
2021-11-14 20:18:51,567 - INFO - Player: Spock, AI: Rock
2021-11-14 20:18:51,733 - INFO - Player: Spock, AI: Scissors
2021-11-14 20:18:52,135 - INFO - Player: Rock, AI: Scissors
2021-11-14 20:18:52,598 - INFO - Player: Scissors, AI: Lizard
2021-11-14 20:18:53,334 - INFO - Player: Lizard, AI: Paper
2021-11-14 20:20:30,983 - INFO - Player: Paper, AI: Spock
2021-11-14 20:20:31,590 - INFO - Player: Rock, AI: Spock
2021-11-14 20:20:31,902 - INFO - Player: Scissors, AI: Lizard
2021-11-14 20:20:41,062 - INFO - Player: Paper, AI: Rock
2021-11-14 20:20:41,654 - INFO - Player: Spock, AI: Spock
2021-11-14 20:20:42,342 - INFO - Player: Rock, AI: Scissors
2021-11-14 20:20:42,950 - INFO - Player: Paper, AI: Spock
2021-11-14 20:20:43,398 - INFO - Player: Scissors, AI: Rock
2021-11-14 20:20:44,311 - INFO - Player: Lizard, AI: Spock
2021-11-14 20:20:53,191 - INFO - Player: Paper, AI: Spock
2021-11-14 20:20:53,823 - INFO - Player: Rock, AI: Lizard
2021-11-14 20:20:54,304 - INFO - Player: Scissors, AI: Paper
2021-11-14 20:20:54,766 - INFO - Player: Paper, AI: Lizard
2021-11-14 20:20:55,159 - INFO - Player: Rock, AI: Paper
2021-11-14 20:20:55,509 - INFO - Player: Scissors, AI: Rock
2021-11-14 20:20:55,926 - INFO - Player: Lizard, AI: Lizard
2021-11-14 20:20:56,502 - INFO - Player: Spock, AI: Rock
2021-11-14 20:21:01,359 - INFO - Player: Rock, AI: Spock
2021-11-14 20:21:01,791 - INFO - Player: Paper, AI: Scissors
2021-11-14 20:21:02,181 - INFO - Player: Scissors, AI: Scissors
2021-11-14 20:21:03,622 - INFO - Player: Paper, AI: Paper
2021-11-14 20:21:04,111 - INFO - Player: Scissors, AI: Lizard
2021-11-14 20:21:04,744 - INFO - Player: Paper, AI: Rock
2021-11-14 20:21:05,157 - INFO - Player: Scissors, AI: Scissors
2021-11-14 20:21:16,615 - INFO - Player: Paper, AI: Scissors
2021-11-14 20:21:17,094 - INFO - Player: Scissors, AI: Scissors
2021-11-14 20:21:17,550 - INFO - Player: Lizard, AI: Lizard
2021-11-14 20:21:18,047 - INFO - Player: Paper, AI: Paper
2021-11-14 20:21:19,230 - INFO - Player: Scissors, AI: Rock
2021-11-14 20:21:19,917 - INFO - Player: Lizard, AI: Paper
2021-11-14 20:21:20,383 - INFO - Player: Spock, AI: Spock
2021-11-14 20:54:41,806 - INFO - Player: Rock, AI: Rock
2021-11-14 20:54:42,263 - INFO - Player: Paper, AI: Scissors
2021-11-14 20:54:43,151 - INFO - Player: Scissors, AI: Scissors
2021-11-14 20:54:43,895 - INFO - Player: Rock, AI: Scissors
2021-11-14 20:54:45,294 - INFO - Player: Paper, AI: Scissors
2021-11-14 20:54:45,816 - INFO - Player: Scissors, AI: Rock
2021-11-14 20:54:46,766 - INFO - Player: Rock, AI: Rock
2021-11-14 20:54:47,199 - INFO - Player: Paper, AI: Scissors
2021-11-14 20:54:47,655 - INFO - Player: Scissors, AI: Scissors
2021-11-14 20:54:48,888 - INFO - Player: Rock, AI: Scissors
2021-11-14 20:54:49,622 - INFO - Player: Paper, AI: Paper
2021-11-14 20:54:50,199 - INFO - Player: Scissors, AI: Scissors
2021-11-14 20:54:51,327 - INFO - Player: Rock, AI: Rock
2021-11-14 20:54:52,039 - INFO - Player: Paper, AI: Scissors
2021-11-14 20:54:52,703 - INFO - Player: Paper, AI: Scissors
2021-11-14 20:54:53,191 - INFO - Player: Paper, AI: Paper
2021-11-14 20:54:53,567 - INFO - Player: Paper, AI: Scissors
2021-11-14 20:54:54,174 - INFO - Player: Paper, AI: Paper
2021-11-14 20:54:55,014 - INFO - Player: Paper, AI: Scissors
2021-11-14 20:54:55,935 - INFO - Player: Paper, AI: Scissors
2021-11-14 20:54:56,615 - INFO - Player: Paper, AI: Paper
2021-11-14 20:54:57,151 - INFO - Player: Paper, AI: Paper
2021-11-14 20:54:57,623 - INFO - Player: Paper, AI: Rock
2021-11-14 20:55:02,976 - INFO - Player: Rock, AI: Lizard
2021-11-14 20:55:04,047 - INFO - Player: Spock, AI: Lizard
2021-11-14 20:55:04,847 - INFO - Player: Lizard, AI: Lizard
2021-11-14 20:55:06,000 - INFO - Player: Spock, AI: Paper
2021-11-14 20:55:06,479 - INFO - Player: Lizard, AI: Spock
2021-11-14 20:55:07,190 - INFO - Player: Spock, AI: Lizard
2021-11-14 20:55:07,992 - INFO - Player: Lizard, AI: Scissors
2021-11-14 20:55:08,639 - INFO - Player: Paper, AI: Spock
2021-11-14 20:55:09,630 - INFO - Player: Rock, AI: Spock
2021-11-14 20:55:10,015 - INFO - Player: Scissors, AI: Rock
2021-11-14 22:25:24,023 - INFO - Player: Rock, AI: Rock
2021-11-14 22:25:24,752 - INFO - Player: Paper, AI: Scissors
2021-11-14 22:25:25,568 - INFO - Player: Rock, AI: Scissors
2021-11-14 22:25:26,280 - INFO - Player: Paper, AI: Rock
2021-11-14 22:25:27,120 - INFO - Player: Rock, AI: Rock
2021-11-14 22:25:27,721 - INFO - Player: Scissors, AI: Paper
2021-11-14 22:25:33,400 - INFO - Player: Rock, AI: Rock
2021-11-14 22:25:35,431 - INFO - Player: Paper, AI: Spock
2021-11-14 22:25:36,472 - INFO - Player: Rock, AI: Spock
2021-11-14 22:25:37,449 - INFO - Player: Scissors, AI: Scissors
2021-11-14 22:25:37,992 - INFO - Player: Lizard, AI: Lizard
2021-11-14 22:25:38,960 - INFO - Player: Spock, AI: Spock
2021-11-14 22:25:39,872 - INFO - Player: Spock, AI: Rock
2021-11-14 22:25:41,391 - INFO - Player: Lizard, AI: Lizard
2021-11-14 22:25:42,664 - INFO - Player: Paper, AI: Spock
